This is TeX, Version 3.14159265 (TeX Live 2017/Debian) (preloaded format=tex 2018.10.30)  10 AUG 2019 23:25
**klic.tex
(./klic.tex (./texinfo.tex Loading texinfo [version 2016-04-14.07]:
\outerhsize=\dimen16
\outervsize=\dimen17
\cornerlong=\dimen18
\cornerthick=\dimen19
\topandbottommargin=\dimen20
\bindingoffset=\dimen21
\normaloffset=\dimen22
\txipagewidth=\dimen23
\txipageheight=\dimen24
\headlinebox=\box16
\footlinebox=\box17
\margin=\insert252
\EMsimple=\toks12
\groupbox=\box18
\groupinvalidhelp=\toks13
\mil=\dimen25
\exdentamount=\skip18
\inmarginspacing=\skip19
\centerpenalty=\count26
 pdf,
\tempnum=\count27
\lnkcount=\count28
\filename=\toks14
\filenamelength=\count29
\pgn=\count30
\toksA=\toks15
\toksB=\toks16
\toksC=\toks17
\toksD=\toks18
\boxA=\box19
\boxB=\box20
\countA=\count31
\nopdfimagehelp=\toks19

fonts,
\sffam=\fam8
\textleading=\dimen26
 markup,
\fontdepth=\count32
 glyphs,
\errorbox=\box21
 page headings,
\titlepagetopglue=\skip20
\titlepagebottomglue=\skip21
\evenheadline=\toks20
\oddheadline=\toks21
\evenfootline=\toks22
\oddfootline=\toks23
 tables,
\tableindent=\dimen27
\itemindent=\dimen28
\itemmargin=\dimen29
\itemmax=\dimen30
\itemno=\count33
\multitableparskip=\skip22
\multitableparindent=\skip23
\multitablecolspace=\dimen31
\multitablelinespace=\skip24
\colcount=\count34
\everytab=\toks24
 conditionals,
\doignorecount=\count35
 indexing,
\dummybox=\box22
\whatsitskip=\skip25
\whatsitpenalty=\count36
\entryrightmargin=\dimen32
\thinshrinkable=\skip26
\entryindexbox=\box23
\entrylinedepth=\dimen33
\secondaryindent=\skip27
\partialpage=\box24
\doublecolumnhsize=\dimen34
\doublecolumntopgap=\dimen35
\savedtopmark=\toks25
\savedfirstmark=\toks26
\balancedcolumns=\box25

sectioning,
\unnumberedno=\count37
\chapno=\count38
\secno=\count39
\subsecno=\count40
\subsubsecno=\count41
\appendixno=\count42
\absseclevel=\count43
\secbase=\count44
\chapheadingskip=\skip28
\secheadingskip=\skip29
\subsecheadingskip=\skip30
 toc,
\tocfile=\write0
\contentsrightmargin=\skip31
\savepageno=\count45
\lastnegativepageno=\count46
\tocindent=\dimen36
 environments,
\lispnarrowing=\skip32
\envskipamount=\skip33
\circthick=\dimen37
\cartouter=\dimen38
\cartinner=\dimen39
\normbskip=\skip34
\normpskip=\skip35
\normlskip=\skip36
\lskip=\skip37
\rskip=\skip38
\nonfillparindent=\dimen40
\tabw=\dimen41
\verbbox=\box26
 defuns,
\defbodyindent=\skip39
\defargsindent=\skip40
\deflastargmargin=\skip41
\defunpenalty=\count47
\parencount=\count48
\brackcount=\count49
 macros,
\macscribble=\write1
\savedcatcodeone=\count50
\savedcatcodetwo=\count51
\paramno=\count52
\macname=\toks27
 cross references,
\auxfile=\write2
\savesfregister=\count53
\toprefbox=\box27
\printedrefnamebox=\box28
\infofilenamebox=\box29
\printedmanualbox=\box30
 insertions,
\footnoteno=\count54
\SAVEfootins=\box31
\SAVEmargin=\box32

(/usr/share/texlive/texmf-dist/tex/generic/epsf/epsf.tex
This is `epsf.tex' v2.7.4 <14 February 2011>
\epsffilein=\read0
\epsfframemargin=\dimen42
\epsfframethickness=\dimen43
\epsfrsize=\dimen44
\epsftmp=\dimen45
\epsftsize=\dimen46
\epsfxsize=\dimen47
\epsfysize=\dimen48
\pspoints=\dimen49
)
\noepsfhelp=\toks28
 localization,
\nolanghelp=\toks29
\countUTFx=\count55
\countUTFy=\count56
\countUTFz=\count57
 formatting,
\defaultparindent=\dimen50
 and turning on texinfo input format.) [1] [2]
(./klic.toc [-1] [-2] [-3]) [-4]
(Terms and Conditions for Use of ICOT Free Software)
\openout0 = `klic.toc'.

 (./klic.aux)
\openout2 = `klic.aux'.

@cpindfile=@write3
\openout3 = `klic.cp'.

 [1]
Chapter 1 [2]
@fnindfile=@write4
\openout4 = `klic.fn'.

 [3] Chapter 2 [4] [5] [6]
@pgindfile=@write5
\openout5 = `klic.pg'.

 [7] [8] [9] [10] [11] [12] [13]
Chapter 3 [14] [15] [16]
@tpindfile=@write6
\openout6 = `klic.tp'.

 [17] [18] [19] [20] [21] [22] [23] [24] [25] [26]
[27] [28] [29] [30] [31] [32] [33] [34] [35] [36] [37] [38] [39] [40] [41]
[42] [43] Chapter 4 [44] [45] [46] [47] [48] [49] [50] [51] [52] [53] [54]
[55] [56] [57] [58] [59] (Data Type Index) [60]
(Predicate, Method and Message Index) [61] [62] [63] (Module Index) [64]
(Concept Index) [65] [66] [67] [68] ) 
Here is how much of TeX's memory you used:
 3561 strings out of 497973
 39136 string characters out of 6220703
 85807 words of memory out of 5000000
 4408 multiletter control sequences out of 15000+600000
 33877 words of font info for 116 fonts, out of 8000000 for 9000
 51 hyphenation exceptions out of 8191
 15i,6n,18p,277b,843s stack positions out of 5000i,500n,10000p,200000b,80000s

Output written on klic.dvi (74 pages, 357836 bytes).
